#
# There is insufficient memory for the Java Runtime Environment to continue.
# Native memory allocation (malloc) failed to allocate 32744 bytes for ChunkPool::allocate
# Possible reasons:
#   The system is out of physical RAM or swap space
#   The process is running with CompressedOops enabled, and the Java Heap may be blocking the growth of the native heap
# Possible solutions:
#   Reduce memory load on the system
#   Increase physical memory or swap space
#   Check if swap backing store is full
#   Decrease Java heap size (-Xmx/-Xms)
#   Decrease number of Java threads
#   Decrease Java thread stack sizes (-Xss)
#   Set larger code cache with -XX:ReservedCodeCacheSize=
#   JVM is running with Unscaled Compressed Oops mode in which the Java heap is
#     placed in the first 4GB address space. The Java Heap base address is the
#     maximum limit for the native heap growth. Please use -XX:HeapBaseMinAddress
#     to set the Java Heap base and to place the Java Heap above 4GB virtual address.
# This output file may be truncated or incomplete.
#
#  Out of Memory Error (allocation.cpp:272), pid=8720, tid=0x0000000000001328
#
# JRE version: OpenJDK Runtime Environment (8.0_212-b04) (build 1.8.0_212-release-1586-b04)
# Java VM: OpenJDK 64-Bit Server VM (25.212-b04 mixed mode windows-amd64 compressed oops)
# Failed to write core dump. Minidumps are not enabled by default on client versions of Windows
#

---------------  T H R E A D  ---------------

Current thread (0x00000000175fe800):  JavaThread "C2 CompilerThread0" daemon [_thread_in_native, id=4904, stack(0x0000000018610000,0x0000000018710000)]

Stack: [0x0000000018610000,0x0000000018710000]
[error occurred during error reporting (printing stack bounds), id 0xc0000005]

Native frames: (J=compiled Java code, j=interpreted, Vv=VM code, C=native code)


Current CompileTask:
C2:  83507 1163       4       sun.nio.cs.SingleByte$Encoder::encode (32 bytes)


---------------  P R O C E S S  ---------------

Java Threads: ( => current thread )
  0x0000000019569000 JavaThread "Forward input" [_thread_blocked, id=5200, stack(0x000000001adc0000,0x000000001aec0000)]
  0x0000000018a84000 JavaThread "DisconnectableInputStream source reader" daemon [_thread_in_native, id=4968, stack(0x000000001acc0000,0x000000001adc0000)]
  0x00000000193c6800 JavaThread "pool-1-thread-1" [_thread_blocked, id=6856, stack(0x0000000019610000,0x0000000019710000)]
  0x000000001765f800 JavaThread "Service Thread" daemon [_thread_blocked, id=8244, stack(0x0000000018810000,0x0000000018910000)]
  0x0000000017600800 JavaThread "C1 CompilerThread1" daemon [_thread_blocked, id=4256, stack(0x0000000018710000,0x0000000018810000)]
=>0x00000000175fe800 JavaThread "C2 CompilerThread0" daemon [_thread_in_native, id=4904, stack(0x0000000018610000,0x0000000018710000)]
  0x00000000175fb000 JavaThread "Attach Listener" daemon [_thread_blocked, id=9124, stack(0x0000000018510000,0x0000000018610000)]
  0x00000000175f8000 JavaThread "Signal Dispatcher" daemon [_thread_blocked, id=7480, stack(0x0000000018410000,0x0000000018510000)]
  0x0000000002d04800 JavaThread "Finalizer" daemon [_thread_blocked, id=4580, stack(0x0000000018230000,0x0000000018330000)]
  0x00000000175e7000 JavaThread "Reference Handler" daemon [_thread_blocked, id=9624, stack(0x0000000018130000,0x0000000018230000)]
  0x0000000002c13800 JavaThread "main" [_thread_in_native, id=9292, stack(0x0000000002b10000,0x0000000002c10000)]

Other Threads:
  0x00000000175c6000 VMThread [stack: 0x0000000018030000,0x0000000018130000] [id=4652]
  0x0000000017660800 WatcherThread [stack: 0x0000000018910000,0x0000000018a10000] [id=9512]

VM state:not at safepoint (normal execution)

VM Mutex/Monitor currently owned by a thread: None

heap address: 0x0000000081c00000, size: 2020 MB, Compressed Oops mode: 32-bit
Narrow klass base: 0x0000000000000000, Narrow klass shift: 3
Compressed class space size: 1073741824 Address: 0x0000000100000000

Heap:
 PSYoungGen      total 38400K, used 16800K [0x00000000d5f00000, 0x00000000d8980000, 0x0000000100000000)
  eden space 33280K, 35% used [0x00000000d5f00000,0x00000000d6a82ff8,0x00000000d7f80000)
  from space 5120K, 97% used [0x00000000d7f80000,0x00000000d84652f8,0x00000000d8480000)
  to   space 5120K, 0% used [0x00000000d8480000,0x00000000d8480000,0x00000000d8980000)
 ParOldGen       total 87552K, used 8K [0x0000000081c00000, 0x0000000087180000, 0x00000000d5f00000)
  object space 87552K, 0% used [0x0000000081c00000,0x0000000081c02000,0x0000000087180000)
 Metaspace       used 11526K, capacity 11834K, committed 12160K, reserved 1060864K
  class space    used 1456K, capacity 1561K, committed 1664K, reserved 1048576K

Card table byte_map: [0x00000000120d0000,0x00000000124d0000] byte_map_base: 0x0000000011cc2000

Marking Bits: (ParMarkBitMap*) 0x000000006d9d9f30
 Begin Bits: [0x0000000012980000, 0x0000000014910000)
 End Bits:   [0x0000000014910000, 0x00000000168a0000)

Polling page: 0x00000000029e0000

CodeCache: size=245760Kb used=3967Kb max_used=3973Kb free=241792Kb
 bounds [0x0000000002d10000, 0x0000000003100000, 0x0000000011d10000]
 total_blobs=1532 nmethods=1162 adapters=285
 compilation: enabled

Compilation events (10 events):
Event: 78.124 Thread 0x00000000175fe800 nmethod 1158 0x00000000030ef690 code [0x00000000030ef7c0, 0x00000000030ef858]
Event: 83.291 Thread 0x0000000017600800 1159       1       org.gradle.internal.logging.text.AbstractLineChoppingStyledTextOutput$StateContext::access$000 (5 bytes)
Event: 83.291 Thread 0x0000000017600800 nmethod 1159 0x00000000030eefd0 code [0x00000000030ef120, 0x00000000030ef210]
Event: 83.291 Thread 0x0000000017600800 1160       1       org.gradle.internal.logging.text.AbstractLineChoppingStyledTextOutput$StateContext::access$500 (5 bytes)
Event: 83.291 Thread 0x0000000017600800 nmethod 1160 0x00000000030eed10 code [0x00000000030eee60, 0x00000000030eef50]
Event: 83.291 Thread 0x0000000017600800 1162       3       org.gradle.internal.logging.text.AbstractLineChoppingStyledTextOutput$StateContext::isCurrentCharEquals (61 bytes)
Event: 83.291 Thread 0x00000000175fe800 1163       4       sun.nio.cs.SingleByte$Encoder::encode (32 bytes)
Event: 83.291 Thread 0x0000000017600800 nmethod 1162 0x00000000030f0610 code [0x00000000030f07a0, 0x00000000030f0be8]
Event: 83.291 Thread 0x0000000017600800 1161       1       org.gradle.internal.logging.text.AbstractLineChoppingStyledTextOutput$StateContext::access$600 (5 bytes)
Event: 83.292 Thread 0x0000000017600800 nmethod 1161 0x00000000030eea50 code [0x00000000030eeba0, 0x00000000030eec90]

GC Heap History (2 events):
Event: 6.421 GC heap before
{Heap before GC invocations=1 (full 0):
 PSYoungGen      total 38400K, used 33280K [0x00000000d5f00000, 0x00000000d8980000, 0x0000000100000000)
  eden space 33280K, 100% used [0x00000000d5f00000,0x00000000d7f80000,0x00000000d7f80000)
  from space 5120K, 0% used [0x00000000d8480000,0x00000000d8480000,0x00000000d8980000)
  to   space 5120K, 0% used [0x00000000d7f80000,0x00000000d7f80000,0x00000000d8480000)
 ParOldGen       total 87552K, used 0K [0x0000000081c00000, 0x0000000087180000, 0x00000000d5f00000)
  object space 87552K, 0% used [0x0000000081c00000,0x0000000081c00000,0x0000000087180000)
 Metaspace       used 8643K, capacity 8894K, committed 8960K, reserved 1056768K
  class space    used 1148K, capacity 1261K, committed 1280K, reserved 1048576K
Event: 6.428 GC heap after
Heap after GC invocations=1 (full 0):
 PSYoungGen      total 38400K, used 5012K [0x00000000d5f00000, 0x00000000d8980000, 0x0000000100000000)
  eden space 33280K, 0% used [0x00000000d5f00000,0x00000000d5f00000,0x00000000d7f80000)
  from space 5120K, 97% used [0x00000000d7f80000,0x00000000d84652f8,0x00000000d8480000)
  to   space 5120K, 0% used [0x00000000d8480000,0x00000000d8480000,0x00000000d8980000)
 ParOldGen       total 87552K, used 8K [0x0000000081c00000, 0x0000000087180000, 0x00000000d5f00000)
  object space 87552K, 0% used [0x0000000081c00000,0x0000000081c02000,0x0000000087180000)
 Metaspace       used 8643K, capacity 8894K, committed 8960K, reserved 1056768K
  class space    used 1148K, capacity 1261K, committed 1280K, reserved 1048576K
}

Deoptimization events (10 events):
Event: 6.072 Thread 0x0000000002c13800 Uncommon trap: reason=unstable_if action=reinterpret pc=0x0000000002ea4200 method=java.util.regex.Matcher.reset()Ljava/util/regex/Matcher; @ 47
Event: 6.072 Thread 0x0000000002c13800 Uncommon trap: reason=class_check action=maybe_recompile pc=0x0000000002ea844c method=java.util.regex.Matcher.match(II)Z @ 86
Event: 6.072 Thread 0x0000000002c13800 Uncommon trap: reason=class_check action=maybe_recompile pc=0x0000000002ea844c method=java.util.regex.Matcher.match(II)Z @ 86
Event: 6.072 Thread 0x0000000002c13800 Uncommon trap: reason=class_check action=maybe_recompile pc=0x0000000002ea844c method=java.util.regex.Matcher.match(II)Z @ 86
Event: 6.072 Thread 0x0000000002c13800 Uncommon trap: reason=class_check action=maybe_recompile pc=0x0000000002ea844c method=java.util.regex.Matcher.match(II)Z @ 86
Event: 6.274 Thread 0x0000000002c13800 Uncommon trap: reason=unstable_if action=reinterpret pc=0x0000000002f776a8 method=java.util.HashMap.hash(Ljava/lang/Object;)I @ 1
Event: 6.405 Thread 0x0000000002c13800 Uncommon trap: reason=unstable_if action=reinterpret pc=0x0000000002f66cfc method=java.util.HashMap.getNode(ILjava/lang/Object;)Ljava/util/HashMap$Node; @ 129
Event: 6.405 Thread 0x0000000002c13800 Uncommon trap: reason=bimorphic action=maybe_recompile pc=0x0000000002f5f218 method=java.util.HashMap.putVal(ILjava/lang/Object;Ljava/lang/Object;ZZ)Ljava/lang/Object; @ 203
Event: 9.603 Thread 0x0000000019ec2000 Uncommon trap: reason=bimorphic action=maybe_recompile pc=0x0000000002f5f218 method=java.util.HashMap.putVal(ILjava/lang/Object;Ljava/lang/Object;ZZ)Ljava/lang/Object; @ 203
Event: 9.603 Thread 0x0000000019ec2000 Uncommon trap: reason=bimorphic action=maybe_recompile pc=0x0000000002f5f218 method=java.util.HashMap.putVal(ILjava/lang/Object;Ljava/lang/Object;ZZ)Ljava/lang/Object; @ 203

Classes redefined (0 events):
No events

Internal exceptions (10 events):
Event: 6.279 Thread 0x0000000002c13800 Exception <a 'java/lang/ArrayIndexOutOfBoundsException'> (0x00000000d7988850) thrown at [D:\src\AOSP-openjdk-cygwin\jdk8u\hotspot\src\share\vm\runtime\sharedRuntime.cpp, line 605]
Event: 6.284 Thread 0x0000000002c13800 Exception <a 'java/lang/ArrayIndexOutOfBoundsException'> (0x00000000d79eb838) thrown at [D:\src\AOSP-openjdk-cygwin\jdk8u\hotspot\src\share\vm\runtime\sharedRuntime.cpp, line 605]
Event: 6.284 Thread 0x0000000002c13800 Exception <a 'java/lang/ArrayIndexOutOfBoundsException'> (0x00000000d79ecc00) thrown at [D:\src\AOSP-openjdk-cygwin\jdk8u\hotspot\src\share\vm\runtime\sharedRuntime.cpp, line 605]
Event: 6.284 Thread 0x0000000002c13800 Exception <a 'java/lang/ArrayIndexOutOfBoundsException'> (0x00000000d79ee280) thrown at [D:\src\AOSP-openjdk-cygwin\jdk8u\hotspot\src\share\vm\runtime\sharedRuntime.cpp, line 605]
Event: 6.284 Thread 0x0000000002c13800 Exception <a 'java/lang/ArrayIndexOutOfBoundsException'> (0x00000000d79f1a00) thrown at [D:\src\AOSP-openjdk-cygwin\jdk8u\hotspot\src\share\vm\runtime\sharedRuntime.cpp, line 605]
Event: 6.285 Thread 0x0000000002c13800 Exception <a 'java/lang/ArrayIndexOutOfBoundsException'> (0x00000000d79f33e8) thrown at [D:\src\AOSP-openjdk-cygwin\jdk8u\hotspot\src\share\vm\runtime\sharedRuntime.cpp, line 605]
Event: 6.341 Thread 0x0000000002c13800 Exception <a 'java/lang/NoSuchFieldError': method resolution failed> (0x00000000d7bbead0) thrown at [D:\src\AOSP-openjdk-cygwin\jdk8u\hotspot\src\share\vm\prims\methodHandles.cpp, line 1167]
Event: 6.342 Thread 0x0000000002c13800 Exception <a 'java/lang/NoSuchFieldError': method resolution failed> (0x00000000d7bcc560) thrown at [D:\src\AOSP-openjdk-cygwin\jdk8u\hotspot\src\share\vm\prims\methodHandles.cpp, line 1167]
Event: 8.235 Thread 0x0000000002c13800 Exception <a 'java/net/ConnectException': Connection refused: no further information> (0x00000000d6260c38) thrown at [D:\src\AOSP-openjdk-cygwin\jdk8u\hotspot\src\share\vm\prims\jni.cpp, line 736]
Event: 9.235 Thread 0x0000000002c13800 Exception <a 'java/net/ConnectException': Connection refused: no further information> (0x00000000d6261380) thrown at [D:\src\AOSP-openjdk-cygwin\jdk8u\hotspot\src\share\vm\prims\jni.cpp, line 736]

Events (10 events):
Event: 21.460 loading class sun/reflect/ClassDefiner$1
Event: 21.460 loading class sun/reflect/ClassDefiner$1 done
Event: 83.287 loading class java/lang/Class$4
Event: 83.287 loading class java/lang/Class$4 done
Event: 83.288 loading class org/gradle/internal/logging/events/StyledTextOutputEvent$Span
Event: 83.288 loading class org/gradle/internal/logging/events/StyledTextOutputEvent$Span done
Event: 83.288 loading class org/gradle/internal/logging/events/operations/StyledTextBuildOperationProgressDetails$Span
Event: 83.288 loading class org/gradle/internal/logging/events/operations/StyledTextBuildOperationProgressDetails$Span done
Event: 83.290 loading class org/gradle/internal/logging/text/AbstractLineChoppingStyledTextOutput$StateContext
Event: 83.290 loading class org/gradle/internal/logging/text/AbstractLineChoppingStyledTextOutput$StateContext done


Dynamic libraries:
0x00007ff7a7d10000 - 0x00007ff7a7d41000 	C:\Program Files\Android\Android Studio\jre\bin\java.exe
0x00007fff71980000 - 0x00007fff71b2d000 	C:\Windows\SYSTEM32\ntdll.dll
0x00007fff70ec0000 - 0x00007fff70fff000 	C:\Windows\system32\KERNEL32.DLL
0x00007fff6ed50000 - 0x00007fff6ee65000 	C:\Windows\system32\KERNELBASE.dll
0x00007fff711d0000 - 0x00007fff7127a000 	C:\Windows\system32\ADVAPI32.dll
0x00007fff70b60000 - 0x00007fff70cd7000 	C:\Windows\system32\USER32.dll
0x00007fff6c790000 - 0x00007fff6ca0b000 	C:\Windows\WinSxS\amd64_microsoft.windows.common-controls_6595b64144ccf1df_6.0.9600.19394_none_62486577ecb635cf\COMCTL32.dll
0x00007fff70db0000 - 0x00007fff70e5a000 	C:\Windows\system32\msvcrt.dll
0x00007fff71280000 - 0x00007fff712d8000 	C:\Windows\SYSTEM32\sechost.dll
0x00007fff71840000 - 0x00007fff71980000 	C:\Windows\system32\RPCRT4.dll
0x00007fff6f000000 - 0x00007fff6f14d000 	C:\Windows\system32\GDI32.dll
0x00007fff6ee70000 - 0x00007fff6ee9e000 	C:\Windows\system32\SspiCli.dll
0x00007fff70d70000 - 0x00007fff70da6000 	C:\Windows\system32\IMM32.DLL
0x00007fff71010000 - 0x00007fff71161000 	C:\Windows\system32\MSCTF.dll
0x000000006da60000 - 0x000000006db32000 	C:\Program Files\Android\Android Studio\jre\jre\bin\msvcr100.dll
0x000000006d210000 - 0x000000006da56000 	C:\Program Files\Android\Android Studio\jre\jre\bin\server\jvm.dll
0x00007fff50370000 - 0x00007fff50379000 	C:\Windows\SYSTEM32\WSOCK32.dll
0x00007fff59840000 - 0x00007fff59862000 	C:\Windows\SYSTEM32\WINMM.dll
0x00007fff670e0000 - 0x00007fff670ea000 	C:\Windows\SYSTEM32\VERSION.dll
0x00007fff71770000 - 0x00007fff71777000 	C:\Windows\system32\PSAPI.DLL
0x00007fff70e60000 - 0x00007fff70eba000 	C:\Windows\system32\WS2_32.dll
0x00007fff59810000 - 0x00007fff5983a000 	C:\Windows\SYSTEM32\WINMMBASE.dll
0x00007fff71000000 - 0x00007fff71009000 	C:\Windows\system32\NSI.dll
0x00007fff6ef50000 - 0x00007fff6ef9f000 	C:\Windows\SYSTEM32\cfgmgr32.dll
0x00007fff6d8c0000 - 0x00007fff6d8e8000 	C:\Windows\SYSTEM32\DEVOBJ.dll
0x00007fff512a0000 - 0x00007fff512af000 	C:\Program Files\Android\Android Studio\jre\jre\bin\verify.dll
0x00007fff4a860000 - 0x00007fff4a889000 	C:\Program Files\Android\Android Studio\jre\jre\bin\java.dll
0x00007fff4a840000 - 0x00007fff4a856000 	C:\Program Files\Android\Android Studio\jre\jre\bin\zip.dll
0x00007fff6f210000 - 0x00007fff7073e000 	C:\Windows\system32\SHELL32.dll
0x00007fff71550000 - 0x00007fff71761000 	C:\Windows\SYSTEM32\combase.dll
0x00007fff71170000 - 0x00007fff711c4000 	C:\Windows\system32\SHLWAPI.dll
0x00007fff6cc20000 - 0x00007fff6ccd2000 	C:\Windows\SYSTEM32\SHCORE.dll
0x00007fff6eaa0000 - 0x00007fff6eab5000 	C:\Windows\SYSTEM32\profapi.dll
0x00007fff471b0000 - 0x00007fff471ca000 	C:\Program Files\Android\Android Studio\jre\jre\bin\net.dll
0x00007fff67de0000 - 0x00007fff67f6a000 	C:\Windows\SYSTEM32\urlmon.dll
0x00007fff712e0000 - 0x00007fff71475000 	C:\Windows\system32\ole32.dll
0x00007fff67af0000 - 0x00007fff67dbc000 	C:\Windows\SYSTEM32\iertutil.dll
0x00007fff67620000 - 0x00007fff67acc000 	C:\Windows\SYSTEM32\WININET.dll
0x00007fff6e070000 - 0x00007fff6e091000 	C:\Windows\SYSTEM32\USERENV.dll
0x00007fff6e2e0000 - 0x00007fff6e339000 	C:\Windows\system32\mswsock.dll
0x00007fff47190000 - 0x00007fff471a3000 	C:\Program Files\Android\Android Studio\jre\jre\bin\nio.dll
0x00007fff47160000 - 0x00007fff47186000 	C:\Users\megsoft7\.gradle\native\30\windows-amd64\native-platform.dll
0x00007fff4a9f0000 - 0x00007fff4a9fd000 	C:\Program Files\Android\Android Studio\jre\jre\bin\management.dll
0x00007fff6e340000 - 0x00007fff6e360000 	C:\Windows\SYSTEM32\CRYPTSP.dll
0x00007fff6df60000 - 0x00007fff6df96000 	C:\Windows\system32\rsaenh.dll
0x00007fff6e580000 - 0x00007fff6e5a6000 	C:\Windows\SYSTEM32\bcrypt.dll
0x00007fff6e8a0000 - 0x00007fff6e903000 	C:\Windows\system32\bcryptprimitives.dll
0x00007fff6ea10000 - 0x00007fff6ea1b000 	C:\Windows\SYSTEM32\CRYPTBASE.dll
0x00007fff69d50000 - 0x00007fff69d7a000 	C:\Windows\SYSTEM32\IPHLPAPI.DLL
0x00007fff69d30000 - 0x00007fff69d3a000 	C:\Windows\SYSTEM32\WINNSI.DLL
0x00007fff697f0000 - 0x00007fff69806000 	C:\Windows\SYSTEM32\dhcpcsvc6.DLL
0x00007fff69a90000 - 0x00007fff69aaa000 	C:\Windows\SYSTEM32\dhcpcsvc.DLL

VM Arguments:
jvm_args: -Dorg.gradle.appname=gradlew 
java_command: org.gradle.wrapper.GradleWrapperMain -q -Ptarget=F:\oms\scanapp\lib\main.dart -Ptrack-widget-creation=true -Pfilesystem-scheme=org-dartlang-root -Ptarget-platform=android-x86 assembleDebug
java_class_path (initial): F:\oms\scanapp\android\\gradle\wrapper\gradle-wrapper.jar
Launcher Type: SUN_STANDARD

Environment Variables:
JAVA_HOME=C:\Program Files\Android\Android Studio\jre
CLASSPATH=F:\oms\scanapp\android\\gradle\wrapper\gradle-wrapper.jar
PATH=C:\Program Files (x86)\Common Files\Oracle\Java\javapath;C:\Windows\system32;C:\Windows;C:\Windows\System32\Wbem;C:\Windows\System32\WindowsPowerShell\v1.0\;C:\Program Files (x86)\Microsoft SQL Server\110\Tools\Binn\;C:\Program Files\Microsoft SQL Server\110\Tools\Binn\;C:\Program Files\Microsoft SQL Server\110\DTS\Binn\;C:\Program Files (x86)\Microsoft SQL Server\110\Tools\Binn\ManagementStudio\;C:\Program Files (x86)\Microsoft Visual Studio 10.0\Common7\IDE\PrivateAssemblies\;C:\Program Files (x86)\Microsoft SQL Server\110\DTS\Binn\;C:\Program Files\Microsoft SQL Server\120\Tools\Binn\;C:\Program Files\Microsoft SQL Server\130\Tools\Binn\;C:\Windows\system32\config\systemprofile\.dnx\bin;C:\Program Files\Microsoft DNX\Dnvm\;C:\Program Files\TortoiseSVN\bin;C:\Program Files (x86)\PDFtk Server\bin\;C:\Program Files\Microsoft SQL Server\Client SDK\ODBC\110\Tools\Binn\;C:\Program Files (x86)\Microsoft SQL Server\120\Tools\Binn\;C:\Program Files\Microsoft SQL Server\120\DTS\Binn\;C:\Program Files (x86)\Microsoft SQL Server\120\Tools\Binn\ManagementStudio\;C:\Program Files (x86)\Microsoft SQL Server\120\DTS\Binn\;C:\Program Files\Microsoft\Web Platform Installer\;C:\Program Files\nodejs\;C:\Flutter\bin;;C:\Program Files\Microsoft Service Fabric\bin\Fabric\Fabric.Code;C:\Program Files\Microsoft SDKs\Service Fabric\Tools\ServiceFabricLocalClusterManager;C:\Users\megsoft7\AppData\Roaming\npm;C:\Users\megsoft7\AppData\Roaming\npm;C:\Users\megsoft7\AppData\Local\Programs\Microsoft VS Code\bin;C:\Flutter\bin;C:\Users\megsoft7\AppData\Local\Programs\Git\cmd;C:\Flutter\bin\mingit\cmd
USERNAME=megsoft7
OS=Windows_NT
PROCESSOR_IDENTIFIER=Intel64 Family 6 Model 58 Stepping 9, GenuineIntel



---------------  S Y S T E M  ---------------

OS: Windows 8.1 , 64 bit Build 9600 (6.3.9600.19719)

CPU:total 2 (initial active 2) (2 cores per cpu, 1 threads per core) family 6 model 58 stepping 9, cmov, cx8, fxsr, mmx, sse, sse2, sse3, ssse3, sse4.1, sse4.2, popcnt, clmul, erms, tsc, tscinvbit, tscinv

Memory: 4k page, physical 8266412k(906184k free), swap 11412140k(20584k free)

vm_info: OpenJDK 64-Bit Server VM (25.212-b04) for windows-amd64 JRE (1.8.0_212-release-1586-b04), built by "builder" with MS VC++ 10.0 (VS2010)

time: Wed Sep 30 15:37:54 2020
timezone: India Standard Time
elapsed time: 83 seconds (0d 0h 1m 23s)

