#
# There is insufficient memory for the Java Runtime Environment to continue.
# Native memory allocation (malloc) failed to allocate 65552 bytes for Chunk::new
# Possible reasons:
#   The system is out of physical RAM or swap space
#   The process is running with CompressedOops enabled, and the Java Heap may be blocking the growth of the native heap
# Possible solutions:
#   Reduce memory load on the system
#   Increase physical memory or swap space
#   Check if swap backing store is full
#   Decrease Java heap size (-Xmx/-Xms)
#   Decrease number of Java threads
#   Decrease Java thread stack sizes (-Xss)
#   Set larger code cache with -XX:ReservedCodeCacheSize=
#   JVM is running with Unscaled Compressed Oops mode in which the Java heap is
#     placed in the first 4GB address space. The Java Heap base address is the
#     maximum limit for the native heap growth. Please use -XX:HeapBaseMinAddress
#     to set the Java Heap base and to place the Java Heap above 4GB virtual address.
# This output file may be truncated or incomplete.
#
#  Out of Memory Error (allocation.cpp:389), pid=11000, tid=0x00000000000015c8
#
# JRE version: OpenJDK Runtime Environment (8.0_212-b04) (build 1.8.0_212-release-1586-b04)
# Java VM: OpenJDK 64-Bit Server VM (25.212-b04 mixed mode windows-amd64 compressed oops)
# Failed to write core dump. Minidumps are not enabled by default on client versions of Windows
#

---------------  T H R E A D  ---------------

Current thread (0x0000000015fae000):  JavaThread "C2 CompilerThread0" daemon [_thread_in_native, id=5576, stack(0x0000000016ff0000,0x00000000170f0000)]

Stack: [0x0000000016ff0000,0x00000000170f0000]
[error occurred during error reporting (printing stack bounds), id 0xc0000005]

Native frames: (J=compiled Java code, j=interpreted, Vv=VM code, C=native code)


Current CompileTask:
C2:1967501 13030       4       org.gradle.internal.logging.sink.OutputEventTransformer::onOutput (399 bytes)


---------------  P R O C E S S  ---------------

Java Threads: ( => current thread )
  0x000000001aed5000 JavaThread "Exec process Thread 6" [_thread_in_native, id=5108, stack(0x0000000022b70000,0x0000000022c70000)]
  0x000000001aed8000 JavaThread "Exec process Thread 5" [_thread_in_native, id=11896, stack(0x0000000022a70000,0x0000000022b70000)]
  0x000000001aed4000 JavaThread "Exec process Thread 4" [_thread_in_native, id=12044, stack(0x0000000022770000,0x0000000022870000)]
  0x000000001aed7000 JavaThread "Cache worker for execution history cache (F:\oms\scanapp\android\.gradle\5.6.2\executionHistory)" [_thread_blocked, id=1600, stack(0x0000000022670000,0x0000000022770000)]
  0x000000001aed6800 JavaThread "Execution worker for ':'" [_thread_blocked, id=5876, stack(0x0000000022370000,0x0000000022470000)]
  0x000000001ae59000 JavaThread "Cache worker for file content cache (F:\oms\scanapp\android\.gradle\5.6.2\fileContent)" [_thread_blocked, id=11032, stack(0x0000000022270000,0x0000000022370000)]
  0x000000001ae55000 JavaThread "Cache worker for Build Output Cleanup Cache (F:\oms\scanapp\android\.gradle\buildOutputCleanup)" [_thread_blocked, id=11892, stack(0x0000000021d70000,0x0000000021e70000)]
  0x000000001ae58000 JavaThread "Build operations Thread 2" [_thread_blocked, id=1692, stack(0x0000000021870000,0x0000000021970000)]
  0x000000001ae57800 JavaThread "Build operations" [_thread_blocked, id=3804, stack(0x000000001f3a0000,0x000000001f4a0000)]
  0x000000001ae53800 JavaThread "Cache worker for cache directory md-rule (C:\Users\megsoft7\.gradle\caches\5.6.2\md-rule)" [_thread_blocked, id=11692, stack(0x000000001eca0000,0x000000001eda0000)]
  0x000000001ae54800 JavaThread "Cache worker for cache directory md-supplier (C:\Users\megsoft7\.gradle\caches\5.6.2\md-supplier)" [_thread_blocked, id=8040, stack(0x000000001eba0000,0x000000001eca0000)]
  0x000000001ae56800 JavaThread "Cache worker for file hash cache (F:\oms\scanapp\android\.gradle\5.6.2\fileHashes)" [_thread_blocked, id=12284, stack(0x000000001e500000,0x000000001e600000)]
  0x000000001ae4c000 JavaThread "Thread-35" [_thread_blocked, id=10672, stack(0x000000001e300000,0x000000001e400000)]
  0x000000001ae4f000 JavaThread "Stdin handler" [_thread_blocked, id=12256, stack(0x000000001c830000,0x000000001c930000)]
  0x000000001ae4b800 JavaThread "Asynchronous log dispatcher for DefaultDaemonConnection: socket connection from /127.0.0.1:59885 to /127.0.0.1:63467" [_thread_blocked, id=4672, stack(0x000000001a090000,0x000000001a190000)]
  0x0000000018851000 JavaThread "Daemon worker Thread 2" [_thread_blocked, id=10364, stack(0x0000000019d90000,0x0000000019e90000)]
  0x000000001884d000 JavaThread "Cancel handler" [_thread_blocked, id=964, stack(0x0000000019c90000,0x0000000019d90000)]
  0x0000000018850000 JavaThread "Handler for socket connection from /127.0.0.1:59885 to /127.0.0.1:63467" [_thread_in_native, id=10000, stack(0x0000000019990000,0x0000000019a90000)]
  0x000000001884c800 JavaThread "Daemon Thread 2" [_thread_blocked, id=10424, stack(0x0000000019890000,0x0000000019990000)]
  0x000000001ae50000 JavaThread "Cache worker for file content cache (C:\Users\megsoft7\.gradle\caches\5.6.2\fileContent)" [_thread_blocked, id=10724, stack(0x0000000021770000,0x0000000021870000)]
  0x000000001ae4d000 JavaThread "Memory manager" [_thread_blocked, id=7900, stack(0x0000000021070000,0x0000000021170000)]
  0x000000001ae4d800 JavaThread "Cache worker for execution history cache (C:\Users\megsoft7\.gradle\caches\5.6.2\executionHistory)" [_thread_blocked, id=10812, stack(0x000000001e8a0000,0x000000001e9a0000)]
  0x000000001884e000 JavaThread "Cache worker for journal cache (C:\Users\megsoft7\.gradle\caches\journal-1)" [_thread_blocked, id=2524, stack(0x000000001a390000,0x000000001a490000)]
  0x000000001884e800 JavaThread "File lock request listener" [_thread_in_native, id=4680, stack(0x000000001a290000,0x000000001a390000)]
  0x0000000018580800 JavaThread "Cache worker for file hash cache (C:\Users\megsoft7\.gradle\caches\5.6.2\fileHashes)" [_thread_blocked, id=6932, stack(0x000000001a190000,0x000000001a290000)]
  0x0000000018ec6800 JavaThread "Daemon periodic checks" [_thread_blocked, id=4600, stack(0x0000000019790000,0x0000000019890000)]
  0x00000000178df800 JavaThread "Incoming local TCP Connector on port 59885" [_thread_in_native, id=1356, stack(0x00000000195a0000,0x00000000196a0000)]
  0x000000001743b000 JavaThread "Daemon health stats" [_thread_blocked, id=5884, stack(0x0000000018fc0000,0x00000000190c0000)]
  0x0000000016016000 JavaThread "Service Thread" daemon [_thread_blocked, id=11052, stack(0x00000000171f0000,0x00000000172f0000)]
  0x0000000016005800 JavaThread "C1 CompilerThread1" daemon [_thread_blocked, id=9736, stack(0x00000000170f0000,0x00000000171f0000)]
=>0x0000000015fae000 JavaThread "C2 CompilerThread0" daemon [_thread_in_native, id=5576, stack(0x0000000016ff0000,0x00000000170f0000)]
  0x0000000015faa800 JavaThread "Attach Listener" daemon [_thread_blocked, id=4412, stack(0x0000000016ef0000,0x0000000016ff0000)]
  0x0000000015fa7800 JavaThread "Signal Dispatcher" daemon [_thread_blocked, id=6428, stack(0x0000000016df0000,0x0000000016ef0000)]
  0x0000000002879000 JavaThread "Finalizer" daemon [_thread_blocked, id=10196, stack(0x0000000016c10000,0x0000000016d10000)]
  0x0000000015f97000 JavaThread "Reference Handler" daemon [_thread_blocked, id=10684, stack(0x0000000016b10000,0x0000000016c10000)]
  0x0000000002783800 JavaThread "main" [_thread_blocked, id=152, stack(0x00000000025d0000,0x00000000026d0000)]

Other Threads:
  0x0000000015f75800 VMThread [stack: 0x0000000016a10000,0x0000000016b10000] [id=10128]
  0x0000000016017000 WatcherThread [stack: 0x00000000172f0000,0x00000000173f0000] [id=5544]

VM state:not at safepoint (normal execution)

VM Mutex/Monitor currently owned by a thread: None

heap address: 0x00000000a0000000, size: 1536 MB, Compressed Oops mode: 32-bit
Narrow klass base: 0x0000000000000000, Narrow klass shift: 3
Compressed class space size: 1073741824 Address: 0x0000000100000000

Heap:
 PSYoungGen      total 286208K, used 105232K [0x00000000e0000000, 0x00000000f6500000, 0x0000000100000000)
  eden space 258048K, 30% used [0x00000000e0000000,0x00000000e4c89df8,0x00000000efc00000)
  from space 28160K, 95% used [0x00000000efc00000,0x00000000f163a2b8,0x00000000f1780000)
  to   space 31744K, 0% used [0x00000000f4600000,0x00000000f4600000,0x00000000f6500000)
 ParOldGen       total 119296K, used 64329K [0x00000000a0000000, 0x00000000a7480000, 0x00000000e0000000)
  object space 119296K, 53% used [0x00000000a0000000,0x00000000a3ed24a0,0x00000000a7480000)
 Metaspace       used 75274K, capacity 79212K, committed 79576K, reserved 1118208K
  class space    used 9965K, capacity 10881K, committed 11008K, reserved 1048576K

Card table byte_map: [0x0000000011c40000,0x0000000011f50000] byte_map_base: 0x0000000011740000

Marking Bits: (ParMarkBitMap*) 0x000000006ee69f30
 Begin Bits: [0x0000000012350000, 0x0000000013b50000)
 End Bits:   [0x0000000013b50000, 0x0000000015350000)

Polling page: 0x00000000026d0000

CodeCache: size=245760Kb used=36676Kb max_used=36676Kb free=209083Kb
 bounds [0x0000000002880000, 0x0000000004c80000, 0x0000000011880000]
 total_blobs=12096 nmethods=11265 adapters=743
 compilation: enabled

Compilation events (10 events):
Event: 1966.930 Thread 0x0000000016005800 13071       3       org.gradle.internal.logging.events.StyledTextOutputEvent::<init> (26 bytes)
Event: 1966.930 Thread 0x0000000016005800 nmethod 13071 0x0000000004c74ad0 code [0x0000000004c74ca0, 0x0000000004c75468]
Event: 1966.930 Thread 0x0000000016005800 13072       3       org.gradle.internal.logging.events.StyledTextOutputEvent::withBuildOperationId (6 bytes)
Event: 1966.931 Thread 0x0000000016005800 nmethod 13072 0x0000000004c75ad0 code [0x0000000004c75c80, 0x0000000004c763a8]
Event: 1966.931 Thread 0x0000000016005800 13073       3       org.gradle.internal.logging.events.StyledTextOutputEvent::withBuildOperationId (25 bytes)
Event: 1966.931 Thread 0x0000000016005800 nmethod 13073 0x0000000004c76790 code [0x0000000004c76940, 0x0000000004c77008]
Event: 1966.935 Thread 0x0000000016005800 13076       3       org.gradle.internal.logging.serializer.StyledTextOutputEventSerializer::write (86 bytes)
Event: 1966.936 Thread 0x0000000016005800 nmethod 13076 0x0000000004c77350 code [0x0000000004c77540, 0x0000000004c78028]
Event: 1966.936 Thread 0x0000000016005800 13077       3       org.gradle.internal.serialize.AbstractCollectionSerializer::write (52 bytes)
Event: 1966.936 Thread 0x0000000016005800 nmethod 13077 0x0000000004c782d0 code [0x0000000004c784a0, 0x0000000004c78b38]

GC Heap History (10 events):
Event: 37.612 GC heap before
{Heap before GC invocations=14 (full 2):
 PSYoungGen      total 188928K, used 81343K [0x00000000e0000000, 0x00000000ef700000, 0x0000000100000000)
  eden space 173568K, 38% used [0x00000000e0000000,0x00000000e4076f58,0x00000000ea980000)
  from space 15360K, 99% used [0x00000000ea980000,0x00000000eb878f60,0x00000000eb880000)
  to   space 19968K, 0% used [0x00000000ee380000,0x00000000ee380000,0x00000000ef700000)
 ParOldGen       total 78336K, used 26866K [0x00000000a0000000, 0x00000000a4c80000, 0x00000000e0000000)
  object space 78336K, 34% used [0x00000000a0000000,0x00000000a1a3c880,0x00000000a4c80000)
 Metaspace       used 56844K, capacity 58800K, committed 58968K, reserved 1099776K
  class space    used 7690K, capacity 8211K, committed 8320K, reserved 1048576K
Event: 37.699 GC heap after
Heap after GC invocations=14 (full 2):
 PSYoungGen      total 233472K, used 5723K [0x00000000e0000000, 0x00000000f0d80000, 0x0000000100000000)
  eden space 213504K, 0% used [0x00000000e0000000,0x00000000e0000000,0x00000000ed080000)
  from space 19968K, 28% used [0x00000000ee380000,0x00000000ee916cc0,0x00000000ef700000)
  to   space 19456K, 0% used [0x00000000ed080000,0x00000000ed080000,0x00000000ee380000)
 ParOldGen       total 78336K, used 35896K [0x00000000a0000000, 0x00000000a4c80000, 0x00000000e0000000)
  object space 78336K, 45% used [0x00000000a0000000,0x00000000a230e360,0x00000000a4c80000)
 Metaspace       used 56844K, capacity 58800K, committed 58968K, reserved 1099776K
  class space    used 7690K, capacity 8211K, committed 8320K, reserved 1048576K
}
Event: 37.699 GC heap before
{Heap before GC invocations=15 (full 3):
 PSYoungGen      total 233472K, used 5723K [0x00000000e0000000, 0x00000000f0d80000, 0x0000000100000000)
  eden space 213504K, 0% used [0x00000000e0000000,0x00000000e0000000,0x00000000ed080000)
  from space 19968K, 28% used [0x00000000ee380000,0x00000000ee916cc0,0x00000000ef700000)
  to   space 19456K, 0% used [0x00000000ed080000,0x00000000ed080000,0x00000000ee380000)
 ParOldGen       total 78336K, used 35896K [0x00000000a0000000, 0x00000000a4c80000, 0x00000000e0000000)
  object space 78336K, 45% used [0x00000000a0000000,0x00000000a230e360,0x00000000a4c80000)
 Metaspace       used 56844K, capacity 58800K, committed 58968K, reserved 1099776K
  class space    used 7690K, capacity 8211K, committed 8320K, reserved 1048576K
Event: 38.444 GC heap after
Heap after GC invocations=15 (full 3):
 PSYoungGen      total 233472K, used 0K [0x00000000e0000000, 0x00000000f0d80000, 0x0000000100000000)
  eden space 213504K, 0% used [0x00000000e0000000,0x00000000e0000000,0x00000000ed080000)
  from space 19968K, 0% used [0x00000000ee380000,0x00000000ee380000,0x00000000ef700000)
  to   space 19456K, 0% used [0x00000000ed080000,0x00000000ed080000,0x00000000ee380000)
 ParOldGen       total 119296K, used 35664K [0x00000000a0000000, 0x00000000a7480000, 0x00000000e0000000)
  object space 119296K, 29% used [0x00000000a0000000,0x00000000a22d4260,0x00000000a7480000)
 Metaspace       used 56844K, capacity 58800K, committed 58968K, reserved 1099776K
  class space    used 7690K, capacity 8211K, committed 8320K, reserved 1048576K
}
Event: 56.649 GC heap before
{Heap before GC invocations=16 (full 3):
 PSYoungGen      total 233472K, used 213504K [0x00000000e0000000, 0x00000000f0d80000, 0x0000000100000000)
  eden space 213504K, 100% used [0x00000000e0000000,0x00000000ed080000,0x00000000ed080000)
  from space 19968K, 0% used [0x00000000ee380000,0x00000000ee380000,0x00000000ef700000)
  to   space 19456K, 0% used [0x00000000ed080000,0x00000000ed080000,0x00000000ee380000)
 ParOldGen       total 119296K, used 35664K [0x00000000a0000000, 0x00000000a7480000, 0x00000000e0000000)
  object space 119296K, 29% used [0x00000000a0000000,0x00000000a22d4260,0x00000000a7480000)
 Metaspace       used 63613K, capacity 66388K, committed 66520K, reserved 1105920K
  class space    used 8706K, capacity 9467K, committed 9472K, reserved 1048576K
Event: 56.771 GC heap after
Heap after GC invocations=16 (full 3):
 PSYoungGen      total 232960K, used 19441K [0x00000000e0000000, 0x00000000f3700000, 0x0000000100000000)
  eden space 213504K, 0% used [0x00000000e0000000,0x00000000e0000000,0x00000000ed080000)
  from space 19456K, 99% used [0x00000000ed080000,0x00000000ee37c4b0,0x00000000ee380000)
  to   space 26112K, 0% used [0x00000000f1d80000,0x00000000f1d80000,0x00000000f3700000)
 ParOldGen       total 119296K, used 45260K [0x00000000a0000000, 0x00000000a7480000, 0x00000000e0000000)
  object space 119296K, 37% used [0x00000000a0000000,0x00000000a2c333e0,0x00000000a7480000)
 Metaspace       used 63613K, capacity 66388K, committed 66520K, reserved 1105920K
  class space    used 8706K, capacity 9467K, committed 9472K, reserved 1048576K
}
Event: 152.503 GC heap before
{Heap before GC invocations=17 (full 3):
 PSYoungGen      total 232960K, used 231219K [0x00000000e0000000, 0x00000000f3700000, 0x0000000100000000)
  eden space 213504K, 99% used [0x00000000e0000000,0x00000000eced0838,0x00000000ed080000)
  from space 19456K, 99% used [0x00000000ed080000,0x00000000ee37c4b0,0x00000000ee380000)
  to   space 26112K, 0% used [0x00000000f1d80000,0x00000000f1d80000,0x00000000f3700000)
 ParOldGen       total 119296K, used 45260K [0x00000000a0000000, 0x00000000a7480000, 0x00000000e0000000)
  object space 119296K, 37% used [0x00000000a0000000,0x00000000a2c333e0,0x00000000a7480000)
 Metaspace       used 70718K, capacity 74088K, committed 74200K, reserved 1114112K
  class space    used 9615K, capacity 10453K, committed 10496K, reserved 1048576K
Event: 152.569 GC heap after
Heap after GC invocations=17 (full 3):
 PSYoungGen      total 280064K, used 20931K [0x00000000e0000000, 0x00000000f3300000, 0x0000000100000000)
  eden space 258048K, 0% used [0x00000000e0000000,0x00000000e0000000,0x00000000efc00000)
  from space 22016K, 95% used [0x00000000f1d80000,0x00000000f31f0f70,0x00000000f3300000)
  to   space 28160K, 0% used [0x00000000efc00000,0x00000000efc00000,0x00000000f1780000)
 ParOldGen       total 119296K, used 64321K [0x00000000a0000000, 0x00000000a7480000, 0x00000000e0000000)
  object space 119296K, 53% used [0x00000000a0000000,0x00000000a3ed04a0,0x00000000a7480000)
 Metaspace       used 70718K, capacity 74088K, committed 74200K, reserved 1114112K
  class space    used 9615K, capacity 10453K, committed 10496K, reserved 1048576K
}
Event: 1957.635 GC heap before
{Heap before GC invocations=18 (full 3):
 PSYoungGen      total 280064K, used 278979K [0x00000000e0000000, 0x00000000f3300000, 0x0000000100000000)
  eden space 258048K, 100% used [0x00000000e0000000,0x00000000efc00000,0x00000000efc00000)
  from space 22016K, 95% used [0x00000000f1d80000,0x00000000f31f0f70,0x00000000f3300000)
  to   space 28160K, 0% used [0x00000000efc00000,0x00000000efc00000,0x00000000f1780000)
 ParOldGen       total 119296K, used 64321K [0x00000000a0000000, 0x00000000a7480000, 0x00000000e0000000)
  object space 119296K, 53% used [0x00000000a0000000,0x00000000a3ed04a0,0x00000000a7480000)
 Metaspace       used 75076K, capacity 78822K, committed 78936K, reserved 1118208K
  class space    used 9942K, capacity 10838K, committed 10880K, reserved 1048576K
Event: 1957.718 GC heap after
Heap after GC invocations=18 (full 3):
 PSYoungGen      total 286208K, used 26856K [0x00000000e0000000, 0x00000000f6500000, 0x0000000100000000)
  eden space 258048K, 0% used [0x00000000e0000000,0x00000000e0000000,0x00000000efc00000)
  from space 28160K, 95% used [0x00000000efc00000,0x00000000f163a2b8,0x00000000f1780000)
  to   space 31744K, 0% used [0x00000000f4600000,0x00000000f4600000,0x00000000f6500000)
 ParOldGen       total 119296K, used 64329K [0x00000000a0000000, 0x00000000a7480000, 0x00000000e0000000)
  object space 119296K, 53% used [0x00000000a0000000,0x00000000a3ed24a0,0x00000000a7480000)
 Metaspace       used 75076K, capacity 78822K, committed 78936K, reserved 1118208K
  class space    used 9942K, capacity 10838K, committed 10880K, reserved 1048576K
}

Deoptimization events (10 events):
Event: 1958.935 Thread 0x000000001aed6800 Uncommon trap: reason=unstable_if action=reinterpret pc=0x00000000039e68d8 method=java.util.concurrent.ConcurrentLinkedQueue.offer(Ljava/lang/Object;)Z @ 40
Event: 1959.462 Thread 0x000000001aed6800 Uncommon trap: reason=bimorphic action=maybe_recompile pc=0x0000000003d98248 method=org.gradle.internal.ImmutableActionSet.add(Lorg/gradle/api/Action;)Lorg/gradle/internal/ImmutableActionSet; @ 74
Event: 1966.445 Thread 0x000000001aed8000 Uncommon trap: reason=class_check action=maybe_recompile pc=0x0000000004b11bc4 method=org.gradle.internal.logging.sink.OutputEventTransformer.onOutput(Lorg/gradle/internal/logging/events/OutputEvent;)V @ 335
Event: 1966.445 Thread 0x000000001aed8000 Uncommon trap: reason=class_check action=maybe_recompile pc=0x0000000004b11bc4 method=org.gradle.internal.logging.sink.OutputEventTransformer.onOutput(Lorg/gradle/internal/logging/events/OutputEvent;)V @ 335
Event: 1966.445 Thread 0x000000001aed8000 Uncommon trap: reason=unstable_if action=reinterpret pc=0x00000000043c949c method=org.gradle.internal.logging.text.AbstractLineChoppingStyledTextOutput$2.execute(Lorg/gradle/internal/logging/text/AbstractLineChoppingStyledTextOutput$StateContext;)V @ 30
Event: 1966.446 Thread 0x000000001aed8000 Uncommon trap: reason=class_check action=maybe_recompile pc=0x0000000004b11bc4 method=org.gradle.internal.logging.sink.OutputEventTransformer.onOutput(Lorg/gradle/internal/logging/events/OutputEvent;)V @ 335
Event: 1966.446 Thread 0x000000001aed8000 Uncommon trap: reason=unstable_if action=reinterpret pc=0x0000000002ca6ec4 method=org.gradle.internal.logging.text.AbstractLineChoppingStyledTextOutput$2.execute(Lorg/gradle/internal/logging/text/AbstractLineChoppingStyledTextOutput$StateContext;)V @ 30
Event: 1966.446 Thread 0x000000001aed8000 Uncommon trap: reason=class_check action=maybe_recompile pc=0x0000000004b11bc4 method=org.gradle.internal.logging.sink.OutputEventTransformer.onOutput(Lorg/gradle/internal/logging/events/OutputEvent;)V @ 335
Event: 1966.446 Thread 0x000000001aed8000 Uncommon trap: reason=unstable_if action=reinterpret pc=0x0000000002ca9b24 method=org.gradle.internal.logging.text.AbstractLineChoppingStyledTextOutput$2.execute(Lorg/gradle/internal/logging/text/AbstractLineChoppingStyledTextOutput$StateContext;)V @ 30
Event: 1966.819 Thread 0x000000001aed8000 Uncommon trap: reason=unstable_if action=reinterpret pc=0x0000000002caa318 method=org.gradle.internal.logging.text.AbstractLineChoppingStyledTextOutput$2.execute(Lorg/gradle/internal/logging/text/AbstractLineChoppingStyledTextOutput$StateContext;)V @ 30

Classes redefined (0 events):
No events

Internal exceptions (10 events):
Event: 160.915 Thread 0x00000000174fa000 Exception <a 'sun/nio/fs/WindowsException'> (0x00000000e87d4b58) thrown at [D:\src\AOSP-openjdk-cygwin\jdk8u\hotspot\src\share\vm\prims\jni.cpp, line 710]
Event: 160.937 Thread 0x00000000174fa000 Exception <a 'sun/nio/fs/WindowsException'> (0x00000000e87d6500) thrown at [D:\src\AOSP-openjdk-cygwin\jdk8u\hotspot\src\share\vm\prims\jni.cpp, line 710]
Event: 160.939 Thread 0x00000000174fa000 Exception <a 'sun/nio/fs/WindowsException'> (0x00000000e87da4c0) thrown at [D:\src\AOSP-openjdk-cygwin\jdk8u\hotspot\src\share\vm\prims\jni.cpp, line 710]
Event: 160.940 Thread 0x00000000174fa000 Exception <a 'sun/nio/fs/WindowsException'> (0x00000000e87dbe08) thrown at [D:\src\AOSP-openjdk-cygwin\jdk8u\hotspot\src\share\vm\prims\jni.cpp, line 710]
Event: 160.940 Thread 0x00000000174fa000 Exception <a 'sun/nio/fs/WindowsException'> (0x00000000e87dd770) thrown at [D:\src\AOSP-openjdk-cygwin\jdk8u\hotspot\src\share\vm\prims\jni.cpp, line 710]
Event: 160.949 Thread 0x00000000174fa000 Implicit null exception at 0x000000000406b664 to 0x000000000406d2d9
Event: 1953.661 Thread 0x0000000018851000 Implicit null exception at 0x0000000003d8f42c to 0x0000000003d8f475
Event: 1953.661 Thread 0x0000000018851000 Implicit null exception at 0x00000000042baa92 to 0x00000000042bbfe9
Event: 1953.661 Thread 0x0000000018851000 Implicit null exception at 0x00000000040e06f8 to 0x00000000040e61f1
Event: 1954.809 Thread 0x0000000018851000 Implicit null exception at 0x000000000304d623 to 0x000000000304d75d

Events (10 events):
Event: 1966.446 Thread 0x000000001aed8000 DEOPT UNPACKING pc=0x00000000028c557b sp=0x0000000022b6e278 mode 2
Event: 1966.446 Thread 0x000000001aed8000 Uncommon trap: trap_request=0xffffffde fr.pc=0x0000000004b11bc4
Event: 1966.446 Thread 0x000000001aed8000 DEOPT PACKING pc=0x0000000004b11bc4 sp=0x0000000022b6e8d0
Event: 1966.446 Thread 0x000000001aed8000 DEOPT UNPACKING pc=0x00000000028c557b sp=0x0000000022b6e8f0 mode 2
Event: 1966.446 Thread 0x000000001aed8000 Uncommon trap: trap_request=0xffffff65 fr.pc=0x0000000002ca9b24
Event: 1966.446 Thread 0x000000001aed8000 DEOPT PACKING pc=0x0000000002ca9b24 sp=0x0000000022b6e370
Event: 1966.446 Thread 0x000000001aed8000 DEOPT UNPACKING pc=0x00000000028c557b sp=0x0000000022b6e268 mode 2
Event: 1966.819 Thread 0x000000001aed8000 Uncommon trap: trap_request=0xffffff65 fr.pc=0x0000000002caa318
Event: 1966.819 Thread 0x000000001aed8000 DEOPT PACKING pc=0x0000000002caa318 sp=0x0000000022b6e2d0
Event: 1966.819 Thread 0x000000001aed8000 DEOPT UNPACKING pc=0x00000000028c557b sp=0x0000000022b6e278 mode 2


Dynamic libraries:
0x00007ff6ecd80000 - 0x00007ff6ecdb1000 	C:\Program Files\Android\Android Studio\jre\bin\java.exe
0x00007ffbfebf0000 - 0x00007ffbfed9d000 	C:\Windows\SYSTEM32\ntdll.dll
0x00007ffbfe5a0000 - 0x00007ffbfe6df000 	C:\Windows\system32\KERNEL32.DLL
0x00007ffbfbf20000 - 0x00007ffbfc036000 	C:\Windows\system32\KERNELBASE.dll
0x00007ffbfc6f0000 - 0x00007ffbfc79a000 	C:\Windows\system32\ADVAPI32.dll
0x00007ffbfc890000 - 0x00007ffbfca07000 	C:\Windows\system32\USER32.dll
0x00007ffbd80b0000 - 0x00007ffbd832b000 	C:\Windows\WinSxS\amd64_microsoft.windows.common-controls_6595b64144ccf1df_6.0.9600.19394_none_62486577ecb635cf\COMCTL32.dll
0x00007ffbfcb30000 - 0x00007ffbfcbda000 	C:\Windows\system32\msvcrt.dll
0x00007ffbfc820000 - 0x00007ffbfc879000 	C:\Windows\SYSTEM32\sechost.dll
0x00007ffbfcbf0000 - 0x00007ffbfcd30000 	C:\Windows\system32\RPCRT4.dll
0x00007ffbfc340000 - 0x00007ffbfc48c000 	C:\Windows\system32\GDI32.dll
0x00007ffbfbef0000 - 0x00007ffbfbf1e000 	C:\Windows\system32\SspiCli.dll
0x00007ffbfca10000 - 0x00007ffbfca46000 	C:\Windows\system32\IMM32.DLL
0x00007ffbfe440000 - 0x00007ffbfe592000 	C:\Windows\system32\MSCTF.dll
0x000000006eef0000 - 0x000000006efc2000 	C:\Program Files\Android\Android Studio\jre\jre\bin\msvcr100.dll
0x000000006e6a0000 - 0x000000006eee6000 	C:\Program Files\Android\Android Studio\jre\jre\bin\server\jvm.dll
0x00007ffbddf20000 - 0x00007ffbddf29000 	C:\Windows\SYSTEM32\WSOCK32.dll
0x00007ffbf49d0000 - 0x00007ffbf49f2000 	C:\Windows\SYSTEM32\WINMM.dll
0x00007ffbf6a70000 - 0x00007ffbf6a7a000 	C:\Windows\SYSTEM32\VERSION.dll
0x00007ffbfca50000 - 0x00007ffbfca57000 	C:\Windows\system32\PSAPI.DLL
0x00007ffbfeb90000 - 0x00007ffbfebea000 	C:\Windows\system32\WS2_32.dll
0x00007ffbf49a0000 - 0x00007ffbf49ca000 	C:\Windows\SYSTEM32\WINMMBASE.dll
0x00007ffbfcbe0000 - 0x00007ffbfcbe9000 	C:\Windows\system32\NSI.dll
0x00007ffbfbea0000 - 0x00007ffbfbeef000 	C:\Windows\SYSTEM32\cfgmgr32.dll
0x00007ffbfab30000 - 0x00007ffbfab58000 	C:\Windows\SYSTEM32\DEVOBJ.dll
0x00007ffbdac60000 - 0x00007ffbdac6f000 	C:\Program Files\Android\Android Studio\jre\jre\bin\verify.dll
0x00007ffbd3440000 - 0x00007ffbd3469000 	C:\Program Files\Android\Android Studio\jre\jre\bin\java.dll
0x00007ffbd8c70000 - 0x00007ffbd8c86000 	C:\Program Files\Android\Android Studio\jre\jre\bin\zip.dll
0x00007ffbfcd30000 - 0x00007ffbfe25b000 	C:\Windows\system32\SHELL32.dll
0x00007ffbfe6e0000 - 0x00007ffbfe8f0000 	C:\Windows\SYSTEM32\combase.dll
0x00007ffbfead0000 - 0x00007ffbfeb24000 	C:\Windows\system32\SHLWAPI.dll
0x00007ffbf90f0000 - 0x00007ffbf91a2000 	C:\Windows\SYSTEM32\SHCORE.dll
0x00007ffbfbd20000 - 0x00007ffbfbd35000 	C:\Windows\SYSTEM32\profapi.dll
0x00007ffbd44f0000 - 0x00007ffbd450a000 	C:\Program Files\Android\Android Studio\jre\jre\bin\net.dll
0x00007ffbf8cf0000 - 0x00007ffbf8e7a000 	C:\Windows\SYSTEM32\urlmon.dll
0x00007ffbfc550000 - 0x00007ffbfc6e4000 	C:\Windows\system32\ole32.dll
0x00007ffbf4ac0000 - 0x00007ffbf4d8c000 	C:\Windows\SYSTEM32\iertutil.dll
0x00007ffbf4d90000 - 0x00007ffbf523c000 	C:\Windows\SYSTEM32\WININET.dll
0x00007ffbfb2e0000 - 0x00007ffbfb301000 	C:\Windows\SYSTEM32\USERENV.dll
0x00007ffbfb550000 - 0x00007ffbfb5a9000 	C:\Windows\system32\mswsock.dll
0x00007ffbd3400000 - 0x00007ffbd3413000 	C:\Program Files\Android\Android Studio\jre\jre\bin\nio.dll
0x00007ffbd23a0000 - 0x00007ffbd23c6000 	C:\Users\megsoft7\.gradle\native\30\windows-amd64\native-platform.dll
0x00007ffbd8c30000 - 0x00007ffbd8c3d000 	C:\Program Files\Android\Android Studio\jre\jre\bin\management.dll
0x00007ffbfb5b0000 - 0x00007ffbfb5d0000 	C:\Windows\SYSTEM32\CRYPTSP.dll
0x00007ffbfb1d0000 - 0x00007ffbfb206000 	C:\Windows\system32\rsaenh.dll
0x00007ffbfb860000 - 0x00007ffbfb886000 	C:\Windows\SYSTEM32\bcrypt.dll
0x00007ffbfbb80000 - 0x00007ffbfbbe3000 	C:\Windows\system32\bcryptprimitives.dll
0x00007ffbfbbf0000 - 0x00007ffbfbbfb000 	C:\Windows\SYSTEM32\CRYPTBASE.dll
0x00007ffbf74d0000 - 0x00007ffbf74fa000 	C:\Windows\SYSTEM32\IPHLPAPI.DLL
0x00007ffbf74a0000 - 0x00007ffbf74aa000 	C:\Windows\SYSTEM32\WINNSI.DLL
0x00007ffbf6cf0000 - 0x00007ffbf6d06000 	C:\Windows\SYSTEM32\dhcpcsvc6.DLL
0x00007ffbf7170000 - 0x00007ffbf718a000 	C:\Windows\SYSTEM32\dhcpcsvc.DLL

VM Arguments:
jvm_args: -Xmx1536M -Dfile.encoding=windows-1252 -Duser.country=US -Duser.language=en -Duser.variant 
java_command: org.gradle.launcher.daemon.bootstrap.GradleDaemon 5.6.2
java_class_path (initial): C:\Users\megsoft7\.gradle\wrapper\dists\gradle-5.6.2-all\9st6wgf78h16so49nn74lgtbb\gradle-5.6.2\lib\gradle-launcher-5.6.2.jar
Launcher Type: SUN_STANDARD

Environment Variables:
JAVA_HOME=C:\Program Files\Android\Android Studio\jre
CLASSPATH=F:\oms\scanapp\android\\gradle\wrapper\gradle-wrapper.jar
PATH=C:\Program Files (x86)\Common Files\Oracle\Java\javapath;C:\Windows\system32;C:\Windows;C:\Windows\System32\Wbem;C:\Windows\System32\WindowsPowerShell\v1.0\;C:\Program Files (x86)\Microsoft SQL Server\110\Tools\Binn\;C:\Program Files\Microsoft SQL Server\110\Tools\Binn\;C:\Program Files\Microsoft SQL Server\110\DTS\Binn\;C:\Program Files (x86)\Microsoft SQL Server\110\Tools\Binn\ManagementStudio\;C:\Program Files (x86)\Microsoft Visual Studio 10.0\Common7\IDE\PrivateAssemblies\;C:\Program Files (x86)\Microsoft SQL Server\110\DTS\Binn\;C:\Program Files\Microsoft SQL Server\120\Tools\Binn\;C:\Program Files\Microsoft SQL Server\130\Tools\Binn\;C:\Windows\system32\config\systemprofile\.dnx\bin;C:\Program Files\Microsoft DNX\Dnvm\;C:\Program Files\TortoiseSVN\bin;C:\Program Files (x86)\PDFtk Server\bin\;C:\Program Files\Microsoft SQL Server\Client SDK\ODBC\110\Tools\Binn\;C:\Program Files (x86)\Microsoft SQL Server\120\Tools\Binn\;C:\Program Files\Microsoft SQL Server\120\DTS\Binn\;C:\Program Files (x86)\Microsoft SQL Server\120\Tools\Binn\ManagementStudio\;C:\Program Files (x86)\Microsoft SQL Server\120\DTS\Binn\;C:\Program Files\Microsoft\Web Platform Installer\;C:\Program Files\nodejs\;C:\Flutter\bin;C:\Users\megsoft7\AppData\Roaming\npm;C:\Users\megsoft7\AppData\Local\Programs\Microsoft VS Code\bin;C:\Users\megsoft7\AppData\Local\Programs\Git\cmd;C:\Flutter\bin;;C:\Flutter\bin\mingit\cmd
USERNAME=megsoft7
OS=Windows_NT
PROCESSOR_IDENTIFIER=Intel64 Family 6 Model 58 Stepping 9, GenuineIntel



---------------  S Y S T E M  ---------------

OS: Windows 8.1 , 64 bit Build 9600 (6.3.9600.19538)

CPU:total 2 (initial active 2) (2 cores per cpu, 1 threads per core) family 6 model 58 stepping 9, cmov, cx8, fxsr, mmx, sse, sse2, sse3, ssse3, sse4.1, sse4.2, popcnt, clmul, erms, tsc, tscinvbit, tscinv

Memory: 4k page, physical 8266412k(604760k free), swap 11412140k(51648k free)

vm_info: OpenJDK 64-Bit Server VM (25.212-b04) for windows-amd64 JRE (1.8.0_212-release-1586-b04), built by "builder" with MS VC++ 10.0 (VS2010)

time: Mon Apr 20 17:25:24 2020
timezone: India Standard Time
elapsed time: 1967 seconds (0d 0h 32m 47s)

