#
# There is insufficient memory for the Java Runtime Environment to continue.
# Native memory allocation (malloc) failed to allocate 32744 bytes for ChunkPool::allocate
# Possible reasons:
#   The system is out of physical RAM or swap space
#   The process is running with CompressedOops enabled, and the Java Heap may be blocking the growth of the native heap
# Possible solutions:
#   Reduce memory load on the system
#   Increase physical memory or swap space
#   Check if swap backing store is full
#   Decrease Java heap size (-Xmx/-Xms)
#   Decrease number of Java threads
#   Decrease Java thread stack sizes (-Xss)
#   Set larger code cache with -XX:ReservedCodeCacheSize=
#   JVM is running with Unscaled Compressed Oops mode in which the Java heap is
#     placed in the first 4GB address space. The Java Heap base address is the
#     maximum limit for the native heap growth. Please use -XX:HeapBaseMinAddress
#     to set the Java Heap base and to place the Java Heap above 4GB virtual address.
# This output file may be truncated or incomplete.
#
#  Out of Memory Error (allocation.cpp:272), pid=6384, tid=0x0000000000001b90
#
# JRE version: OpenJDK Runtime Environment (8.0_212-b04) (build 1.8.0_212-release-1586-b04)
# Java VM: OpenJDK 64-Bit Server VM (25.212-b04 mixed mode windows-amd64 compressed oops)
# Failed to write core dump. Minidumps are not enabled by default on client versions of Windows
#

---------------  T H R E A D  ---------------

Current thread (0x00000000173d1000):  JavaThread "C1 CompilerThread1" daemon [_thread_in_native, id=7056, stack(0x00000000184e0000,0x00000000185e0000)]

Stack: [0x00000000184e0000,0x00000000185e0000]
[error occurred during error reporting (printing stack bounds), id 0xc0000005]

Native frames: (J=compiled Java code, j=interpreted, Vv=VM code, C=native code)


Current CompileTask:
C1:  13053 1010       3       org.gradle.internal.logging.text.AbstractLineChoppingStyledTextOutput$1::execute (130 bytes)


---------------  P R O C E S S  ---------------

Java Threads: ( => current thread )
  0x000000001929b000 JavaThread "Forward input" [_thread_blocked, id=6368, stack(0x0000000019bc0000,0x0000000019cc0000)]
  0x000000001929a000 JavaThread "DisconnectableInputStream source reader" daemon [_thread_in_native, id=9212, stack(0x0000000019ac0000,0x0000000019bc0000)]
  0x0000000019024800 JavaThread "pool-1-thread-1" [_thread_blocked, id=8360, stack(0x00000000193e0000,0x00000000194e0000)]
  0x0000000017430000 JavaThread "Service Thread" daemon [_thread_blocked, id=6676, stack(0x00000000185e0000,0x00000000186e0000)]
=>0x00000000173d1000 JavaThread "C1 CompilerThread1" daemon [_thread_in_native, id=7056, stack(0x00000000184e0000,0x00000000185e0000)]
  0x00000000173cf000 JavaThread "C2 CompilerThread0" daemon [_thread_blocked, id=11420, stack(0x00000000183e0000,0x00000000184e0000)]
  0x00000000173cb800 JavaThread "Attach Listener" daemon [_thread_blocked, id=7216, stack(0x00000000182e0000,0x00000000183e0000)]
  0x00000000173c8800 JavaThread "Signal Dispatcher" daemon [_thread_blocked, id=5076, stack(0x00000000181e0000,0x00000000182e0000)]
  0x0000000002ada000 JavaThread "Finalizer" daemon [_thread_blocked, id=9060, stack(0x0000000018000000,0x0000000018100000)]
  0x00000000173b7000 JavaThread "Reference Handler" daemon [_thread_blocked, id=6408, stack(0x0000000017f00000,0x0000000018000000)]
  0x00000000029e3800 JavaThread "main" [_thread_in_native, id=9960, stack(0x00000000028e0000,0x00000000029e0000)]

Other Threads:
  0x0000000017396000 VMThread [stack: 0x0000000017e00000,0x0000000017f00000] [id=9380]
  0x0000000017431800 WatcherThread [stack: 0x00000000186e0000,0x00000000187e0000] [id=8212]

VM state:not at safepoint (normal execution)

VM Mutex/Monitor currently owned by a thread: None

heap address: 0x0000000081c00000, size: 2020 MB, Compressed Oops mode: 32-bit
Narrow klass base: 0x0000000000000000, Narrow klass shift: 3
Compressed class space size: 1073741824 Address: 0x0000000100000000

Heap:
 PSYoungGen      total 38400K, used 10630K [0x00000000d5f00000, 0x00000000d8980000, 0x0000000100000000)
  eden space 33280K, 16% used [0x00000000d5f00000,0x00000000d647b350,0x00000000d7f80000)
  from space 5120K, 98% used [0x00000000d7f80000,0x00000000d8466828,0x00000000d8480000)
  to   space 5120K, 0% used [0x00000000d8480000,0x00000000d8480000,0x00000000d8980000)
 ParOldGen       total 87552K, used 8K [0x0000000081c00000, 0x0000000087180000, 0x00000000d5f00000)
  object space 87552K, 0% used [0x0000000081c00000,0x0000000081c02000,0x0000000087180000)
 Metaspace       used 10306K, capacity 10554K, committed 10752K, reserved 1058816K
  class space    used 1339K, capacity 1433K, committed 1536K, reserved 1048576K

Card table byte_map: [0x0000000011ea0000,0x00000000122a0000] byte_map_base: 0x0000000011a92000

Marking Bits: (ParMarkBitMap*) 0x0000000071549f30
 Begin Bits: [0x0000000012750000, 0x00000000146e0000)
 End Bits:   [0x00000000146e0000, 0x0000000016670000)

Polling page: 0x0000000001070000

CodeCache: size=245760Kb used=3500Kb max_used=3500Kb free=242259Kb
 bounds [0x0000000002ae0000, 0x0000000002e50000, 0x0000000011ae0000]
 total_blobs=1367 nmethods=1009 adapters=273
 compilation: enabled

Compilation events (10 events):
Event: 12.480 Thread 0x00000000173d1000 nmethod 1005 0x0000000002e4a8d0 code [0x0000000002e4aa20, 0x0000000002e4abd0]
Event: 12.480 Thread 0x00000000173d1000 1006       3       java.nio.CharBuffer::arrayOffset (35 bytes)
Event: 12.481 Thread 0x00000000173d1000 nmethod 1006 0x0000000002e4ac50 code [0x0000000002e4ade0, 0x0000000002e4b0f8]
Event: 12.484 Thread 0x00000000173d1000 1007       3       org.gradle.internal.logging.text.AbstractLineChoppingStyledTextOutput$StateContext::setState (10 bytes)
Event: 12.484 Thread 0x00000000173d1000 nmethod 1007 0x0000000002e4b250 code [0x0000000002e4b3c0, 0x0000000002e4b590]
Event: 12.484 Thread 0x00000000173d1000 1008       3       org.gradle.internal.logging.text.AbstractLineChoppingStyledTextOutput::access$402 (7 bytes)
Event: 12.484 Thread 0x00000000173d1000 nmethod 1008 0x0000000002e4b690 code [0x0000000002e4b7e0, 0x0000000002e4b930]
Event: 12.484 Thread 0x00000000173d1000 1009       3       org.gradle.internal.logging.text.AbstractLineChoppingStyledTextOutput$1::execute (9 bytes)
Event: 12.484 Thread 0x00000000173d1000 nmethod 1009 0x0000000002e4b9d0 code [0x0000000002e4bb40, 0x0000000002e4bdc8]
Event: 12.484 Thread 0x00000000173d1000 1010       3       org.gradle.internal.logging.text.AbstractLineChoppingStyledTextOutput$1::execute (130 bytes)

GC Heap History (2 events):
Event: 1.567 GC heap before
{Heap before GC invocations=1 (full 0):
 PSYoungGen      total 38400K, used 33280K [0x00000000d5f00000, 0x00000000d8980000, 0x0000000100000000)
  eden space 33280K, 100% used [0x00000000d5f00000,0x00000000d7f80000,0x00000000d7f80000)
  from space 5120K, 0% used [0x00000000d8480000,0x00000000d8480000,0x00000000d8980000)
  to   space 5120K, 0% used [0x00000000d7f80000,0x00000000d7f80000,0x00000000d8480000)
 ParOldGen       total 87552K, used 0K [0x0000000081c00000, 0x0000000087180000, 0x00000000d5f00000)
  object space 87552K, 0% used [0x0000000081c00000,0x0000000081c00000,0x0000000087180000)
 Metaspace       used 8654K, capacity 8958K, committed 9216K, reserved 1056768K
  class space    used 1146K, capacity 1261K, committed 1280K, reserved 1048576K
Event: 1.575 GC heap after
Heap after GC invocations=1 (full 0):
 PSYoungGen      total 38400K, used 5018K [0x00000000d5f00000, 0x00000000d8980000, 0x0000000100000000)
  eden space 33280K, 0% used [0x00000000d5f00000,0x00000000d5f00000,0x00000000d7f80000)
  from space 5120K, 98% used [0x00000000d7f80000,0x00000000d8466828,0x00000000d8480000)
  to   space 5120K, 0% used [0x00000000d8480000,0x00000000d8480000,0x00000000d8980000)
 ParOldGen       total 87552K, used 8K [0x0000000081c00000, 0x0000000087180000, 0x00000000d5f00000)
  object space 87552K, 0% used [0x0000000081c00000,0x0000000081c02000,0x0000000087180000)
 Metaspace       used 8654K, capacity 8958K, committed 9216K, reserved 1056768K
  class space    used 1146K, capacity 1261K, committed 1280K, reserved 1048576K
}

Deoptimization events (8 events):
Event: 0.984 Thread 0x00000000029e3800 Uncommon trap: reason=unstable_if action=reinterpret pc=0x0000000002c75700 method=java.util.regex.Matcher.reset()Ljava/util/regex/Matcher; @ 47
Event: 0.984 Thread 0x00000000029e3800 Uncommon trap: reason=class_check action=maybe_recompile pc=0x0000000002c7994c method=java.util.regex.Matcher.match(II)Z @ 86
Event: 0.984 Thread 0x00000000029e3800 Uncommon trap: reason=class_check action=maybe_recompile pc=0x0000000002c7994c method=java.util.regex.Matcher.match(II)Z @ 86
Event: 0.984 Thread 0x00000000029e3800 Uncommon trap: reason=class_check action=maybe_recompile pc=0x0000000002c7994c method=java.util.regex.Matcher.match(II)Z @ 86
Event: 0.984 Thread 0x00000000029e3800 Uncommon trap: reason=class_check action=maybe_recompile pc=0x0000000002c7994c method=java.util.regex.Matcher.match(II)Z @ 86
Event: 1.346 Thread 0x00000000029e3800 Uncommon trap: reason=unstable_if action=reinterpret pc=0x0000000002d403a8 method=java.util.HashMap.hash(Ljava/lang/Object;)I @ 1
Event: 1.547 Thread 0x00000000029e3800 Uncommon trap: reason=unstable_if action=reinterpret pc=0x0000000002d3af3c method=java.util.HashMap.getNode(ILjava/lang/Object;)Ljava/util/HashMap$Node; @ 129
Event: 1.547 Thread 0x00000000029e3800 Uncommon trap: reason=bimorphic action=maybe_recompile pc=0x0000000002d34a58 method=java.util.HashMap.putVal(ILjava/lang/Object;Ljava/lang/Object;ZZ)Ljava/lang/Object; @ 203

Classes redefined (0 events):
No events

Internal exceptions (10 events):
Event: 1.346 Thread 0x00000000029e3800 Implicit null exception at 0x0000000002d40195 to 0x0000000002d40399
Event: 1.368 Thread 0x00000000029e3800 Exception <a 'java/lang/ArrayIndexOutOfBoundsException'> (0x00000000d79850f0) thrown at [D:\src\AOSP-openjdk-cygwin\jdk8u\hotspot\src\share\vm\runtime\sharedRuntime.cpp, line 605]
Event: 1.380 Thread 0x00000000029e3800 Exception <a 'java/lang/ArrayIndexOutOfBoundsException'> (0x00000000d7989470) thrown at [D:\src\AOSP-openjdk-cygwin\jdk8u\hotspot\src\share\vm\runtime\sharedRuntime.cpp, line 605]
Event: 1.385 Thread 0x00000000029e3800 Exception <a 'java/lang/ArrayIndexOutOfBoundsException'> (0x00000000d79ed3a0) thrown at [D:\src\AOSP-openjdk-cygwin\jdk8u\hotspot\src\share\vm\runtime\sharedRuntime.cpp, line 605]
Event: 1.385 Thread 0x00000000029e3800 Exception <a 'java/lang/ArrayIndexOutOfBoundsException'> (0x00000000d79f0550) thrown at [D:\src\AOSP-openjdk-cygwin\jdk8u\hotspot\src\share\vm\runtime\sharedRuntime.cpp, line 605]
Event: 1.386 Thread 0x00000000029e3800 Exception <a 'java/lang/ArrayIndexOutOfBoundsException'> (0x00000000d79f1918) thrown at [D:\src\AOSP-openjdk-cygwin\jdk8u\hotspot\src\share\vm\runtime\sharedRuntime.cpp, line 605]
Event: 1.386 Thread 0x00000000029e3800 Exception <a 'java/lang/ArrayIndexOutOfBoundsException'> (0x00000000d79f2a40) thrown at [D:\src\AOSP-openjdk-cygwin\jdk8u\hotspot\src\share\vm\runtime\sharedRuntime.cpp, line 605]
Event: 1.386 Thread 0x00000000029e3800 Exception <a 'java/lang/ArrayIndexOutOfBoundsException'> (0x00000000d79f3fb0) thrown at [D:\src\AOSP-openjdk-cygwin\jdk8u\hotspot\src\share\vm\runtime\sharedRuntime.cpp, line 605]
Event: 1.487 Thread 0x00000000029e3800 Exception <a 'java/lang/NoSuchFieldError': method resolution failed> (0x00000000d7bbf7c0) thrown at [D:\src\AOSP-openjdk-cygwin\jdk8u\hotspot\src\share\vm\prims\methodHandles.cpp, line 1167]
Event: 1.488 Thread 0x00000000029e3800 Exception <a 'java/lang/NoSuchFieldError': method resolution failed> (0x00000000d7bcd280) thrown at [D:\src\AOSP-openjdk-cygwin\jdk8u\hotspot\src\share\vm\prims\methodHandles.cpp, line 1167]

Events (10 events):
Event: 4.124 Executing VM operation: EnableBiasedLocking
Event: 4.125 Executing VM operation: EnableBiasedLocking done
Event: 12.404 loading class java/lang/Class$4
Event: 12.405 loading class java/lang/Class$4 done
Event: 12.405 loading class org/gradle/internal/logging/events/StyledTextOutputEvent$Span
Event: 12.405 loading class org/gradle/internal/logging/events/StyledTextOutputEvent$Span done
Event: 12.405 loading class org/gradle/internal/logging/events/operations/StyledTextBuildOperationProgressDetails$Span
Event: 12.405 loading class org/gradle/internal/logging/events/operations/StyledTextBuildOperationProgressDetails$Span done
Event: 12.477 loading class org/gradle/internal/logging/text/AbstractLineChoppingStyledTextOutput$StateContext
Event: 12.477 loading class org/gradle/internal/logging/text/AbstractLineChoppingStyledTextOutput$StateContext done


Dynamic libraries:
0x00007ff62c1c0000 - 0x00007ff62c1f1000 	C:\Program Files\Android\Android Studio\jre\bin\java.exe
0x00007ff897310000 - 0x00007ff8974bd000 	C:\Windows\SYSTEM32\ntdll.dll
0x00007ff897100000 - 0x00007ff89723f000 	C:\Windows\system32\KERNEL32.DLL
0x00007ff8947c0000 - 0x00007ff8948d5000 	C:\Windows\system32\KERNELBASE.dll
0x00007ff897050000 - 0x00007ff8970fa000 	C:\Windows\system32\ADVAPI32.dll
0x00007ff894c90000 - 0x00007ff894e07000 	C:\Windows\system32\USER32.dll
0x00007ff8928a0000 - 0x00007ff892b1b000 	C:\Windows\WinSxS\amd64_microsoft.windows.common-controls_6595b64144ccf1df_6.0.9600.19394_none_62486577ecb635cf\COMCTL32.dll
0x00007ff896e40000 - 0x00007ff896eea000 	C:\Windows\system32\msvcrt.dll
0x00007ff895130000 - 0x00007ff895188000 	C:\Windows\SYSTEM32\sechost.dll
0x00007ff895540000 - 0x00007ff895680000 	C:\Windows\system32\RPCRT4.dll
0x00007ff895190000 - 0x00007ff8952dd000 	C:\Windows\system32\GDI32.dll
0x00007ff894740000 - 0x00007ff89476e000 	C:\Windows\system32\SspiCli.dll
0x00007ff894f30000 - 0x00007ff894f66000 	C:\Windows\system32\IMM32.DLL
0x00007ff896ef0000 - 0x00007ff897041000 	C:\Windows\system32\MSCTF.dll
0x00000000715d0000 - 0x00000000716a2000 	C:\Program Files\Android\Android Studio\jre\jre\bin\msvcr100.dll
0x0000000070d80000 - 0x00000000715c6000 	C:\Program Files\Android\Android Studio\jre\jre\bin\server\jvm.dll
0x00007ff876910000 - 0x00007ff876919000 	C:\Windows\SYSTEM32\WSOCK32.dll
0x00007ff87ee20000 - 0x00007ff87ee42000 	C:\Windows\SYSTEM32\WINMM.dll
0x00007ff88d5c0000 - 0x00007ff88d5ca000 	C:\Windows\SYSTEM32\VERSION.dll
0x00007ff895110000 - 0x00007ff895117000 	C:\Windows\system32\PSAPI.DLL
0x00007ff896bc0000 - 0x00007ff896c1a000 	C:\Windows\system32\WS2_32.dll
0x00007ff87edf0000 - 0x00007ff87ee1a000 	C:\Windows\SYSTEM32\WINMMBASE.dll
0x00007ff896bb0000 - 0x00007ff896bb9000 	C:\Windows\system32\NSI.dll
0x00007ff894770000 - 0x00007ff8947bf000 	C:\Windows\SYSTEM32\cfgmgr32.dll
0x00007ff893250000 - 0x00007ff893278000 	C:\Windows\SYSTEM32\DEVOBJ.dll
0x00007ff8753b0000 - 0x00007ff8753bf000 	C:\Program Files\Android\Android Studio\jre\jre\bin\verify.dll
0x00007ff864160000 - 0x00007ff864189000 	C:\Program Files\Android\Android Studio\jre\jre\bin\java.dll
0x00007ff86fc50000 - 0x00007ff86fc66000 	C:\Program Files\Android\Android Studio\jre\jre\bin\zip.dll
0x00007ff895680000 - 0x00007ff896bae000 	C:\Windows\system32\SHELL32.dll
0x00007ff896c20000 - 0x00007ff896e31000 	C:\Windows\SYSTEM32\combase.dll
0x00007ff894a70000 - 0x00007ff894ac4000 	C:\Windows\system32\SHLWAPI.dll
0x00007ff892d20000 - 0x00007ff892dd2000 	C:\Windows\SYSTEM32\SHCORE.dll
0x00007ff894430000 - 0x00007ff894445000 	C:\Windows\SYSTEM32\profapi.dll
0x00007ff86be70000 - 0x00007ff86be8a000 	C:\Program Files\Android\Android Studio\jre\jre\bin\net.dll
0x00007ff88d310000 - 0x00007ff88d49a000 	C:\Windows\SYSTEM32\urlmon.dll
0x00007ff894f70000 - 0x00007ff895105000 	C:\Windows\system32\ole32.dll
0x00007ff88d040000 - 0x00007ff88d30c000 	C:\Windows\SYSTEM32\iertutil.dll
0x00007ff88cb90000 - 0x00007ff88d03c000 	C:\Windows\SYSTEM32\WININET.dll
0x00007ff893a00000 - 0x00007ff893a21000 	C:\Windows\SYSTEM32\USERENV.dll
0x00007ff893c70000 - 0x00007ff893cc9000 	C:\Windows\system32\mswsock.dll
0x00007ff865de0000 - 0x00007ff865df3000 	C:\Program Files\Android\Android Studio\jre\jre\bin\nio.dll
0x00007ff864130000 - 0x00007ff864156000 	C:\Users\megsoft7\.gradle\native\30\windows-amd64\native-platform.dll
0x00007ff873c50000 - 0x00007ff873c5d000 	C:\Program Files\Android\Android Studio\jre\jre\bin\management.dll
0x00007ff893cd0000 - 0x00007ff893cf0000 	C:\Windows\SYSTEM32\CRYPTSP.dll
0x00007ff8938f0000 - 0x00007ff893926000 	C:\Windows\system32\rsaenh.dll
0x00007ff893f90000 - 0x00007ff893fb6000 	C:\Windows\SYSTEM32\bcrypt.dll
0x00007ff894290000 - 0x00007ff8942f3000 	C:\Windows\system32\bcryptprimitives.dll
0x00007ff894300000 - 0x00007ff89430b000 	C:\Windows\SYSTEM32\CRYPTBASE.dll
0x00007ff88f560000 - 0x00007ff88f58a000 	C:\Windows\SYSTEM32\IPHLPAPI.DLL
0x00007ff88f540000 - 0x00007ff88f54a000 	C:\Windows\SYSTEM32\WINNSI.DLL
0x00007ff88f3a0000 - 0x00007ff88f3b6000 	C:\Windows\SYSTEM32\dhcpcsvc6.DLL
0x00007ff88f380000 - 0x00007ff88f39a000 	C:\Windows\SYSTEM32\dhcpcsvc.DLL

VM Arguments:
jvm_args: -Dorg.gradle.appname=gradlew 
java_command: org.gradle.wrapper.GradleWrapperMain -q -Ptarget=F:\oms\scanapp\lib\main.dart -Ptrack-widget-creation=true -Pfilesystem-scheme=org-dartlang-root -Ptarget-platform=android-arm64 assembleDebug
java_class_path (initial): F:\oms\scanapp\android\\gradle\wrapper\gradle-wrapper.jar
Launcher Type: SUN_STANDARD

Environment Variables:
JAVA_HOME=C:\Program Files\Android\Android Studio\jre
CLASSPATH=F:\oms\scanapp\android\\gradle\wrapper\gradle-wrapper.jar
PATH=C:\Program Files (x86)\Common Files\Oracle\Java\javapath;C:\Windows\system32;C:\Windows;C:\Windows\System32\Wbem;C:\Windows\System32\WindowsPowerShell\v1.0\;C:\Program Files (x86)\Microsoft SQL Server\110\Tools\Binn\;C:\Program Files\Microsoft SQL Server\110\Tools\Binn\;C:\Program Files\Microsoft SQL Server\110\DTS\Binn\;C:\Program Files (x86)\Microsoft SQL Server\110\Tools\Binn\ManagementStudio\;C:\Program Files (x86)\Microsoft Visual Studio 10.0\Common7\IDE\PrivateAssemblies\;C:\Program Files (x86)\Microsoft SQL Server\110\DTS\Binn\;C:\Program Files\Microsoft SQL Server\120\Tools\Binn\;C:\Program Files\Microsoft SQL Server\130\Tools\Binn\;C:\Windows\system32\config\systemprofile\.dnx\bin;C:\Program Files\Microsoft DNX\Dnvm\;C:\Program Files\TortoiseSVN\bin;C:\Program Files (x86)\PDFtk Server\bin\;C:\Program Files\Microsoft SQL Server\Client SDK\ODBC\110\Tools\Binn\;C:\Program Files (x86)\Microsoft SQL Server\120\Tools\Binn\;C:\Program Files\Microsoft SQL Server\120\DTS\Binn\;C:\Program Files (x86)\Microsoft SQL Server\120\Tools\Binn\ManagementStudio\;C:\Program Files (x86)\Microsoft SQL Server\120\DTS\Binn\;C:\Program Files\Microsoft\Web Platform Installer\;C:\Program Files\nodejs\;C:\Flutter\bin;;C:\Program Files\Microsoft Service Fabric\bin\Fabric\Fabric.Code;C:\Program Files\Microsoft SDKs\Service Fabric\Tools\ServiceFabricLocalClusterManager;C:\Users\megsoft7\AppData\Roaming\npm;C:\Users\megsoft7\AppData\Roaming\npm;C:\Users\megsoft7\AppData\Local\Programs\Microsoft VS Code\bin;C:\Flutter\bin;C:\Users\megsoft7\AppData\Local\Programs\Git\cmd;C:\Flutter\bin\mingit\cmd
USERNAME=megsoft7
OS=Windows_NT
PROCESSOR_IDENTIFIER=Intel64 Family 6 Model 58 Stepping 9, GenuineIntel



---------------  S Y S T E M  ---------------

OS: Windows 8.1 , 64 bit Build 9600 (6.3.9600.19719)

CPU:total 2 (initial active 2) (2 cores per cpu, 1 threads per core) family 6 model 58 stepping 9, cmov, cx8, fxsr, mmx, sse, sse2, sse3, ssse3, sse4.1, sse4.2, popcnt, clmul, erms, tsc, tscinvbit, tscinv

Memory: 4k page, physical 8266412k(1007148k free), swap 11412140k(25472k free)

vm_info: OpenJDK 64-Bit Server VM (25.212-b04) for windows-amd64 JRE (1.8.0_212-release-1586-b04), built by "builder" with MS VC++ 10.0 (VS2010)

time: Sat Oct 03 14:30:19 2020
timezone: India Standard Time
elapsed time: 13 seconds (0d 0h 0m 13s)

